********************************************************* : 3/13/2009 9:05:03 AM
Serial: Nothing! UnlockCode(encryptd,from activation.dll): c53b8b1a69cbb0913843941afd18348d : 3/13/2009 9:05:03 AM
No serial key found.Showing reg form. : 3/13/2009 9:05:03 AM
Connection Available. : 3/13/2009 9:05:17 AM
Using URL: http://activate.smartchoicecomputers.com.au/activate.aspx?key=SmartSync-1HG5H-CARQ1-M246A-37466-000245&pid=5&pcname=ACZIRE-ONLINE&OS=Win XP 32 Bit : 3/13/2009 9:05:17 AM
Content length is: 32 : 3/13/2009 9:05:18 AM
Content type is: text/html; charset=utf-8 : 3/13/2009 9:05:18 AM
Status code is: OK : 3/13/2009 9:05:18 AM
Received unlock code. 80b1cf18844ca4d3ac30aa40d2c8b9bd : 3/13/2009 9:05:18 AM
********************************************************* : 3/13/2009 9:06:48 AM
Serial: SmartSync-1HG5H-CARQ1-M246A-37466-000245 UnlockCode(encryptd,from activation.dll): de9eca6e9a04199262b43df463451b4d : 3/13/2009 9:06:48 AM
Checking activation keys:  SmartSync-1HG5H-CARQ1-M246A-37466-000245  de9eca6e9a04199262b43df463451b4d : 3/13/2009 9:06:48 AM
Serial key validated. : 3/13/2009 9:06:48 AM
Appkey encrypted: 80b1cf18844ca4d3ac30aa40d2c8b9bd : 3/13/2009 9:06:48 AM
Appkey encrypted II: de9eca6e9a04199262b43df463451b4d : 3/13/2009 9:06:48 AM
Successfully Unlocked : 3/13/2009 9:06:48 AM
********************************************************* : 3/13/2009 9:07:07 AM
Serial: Nothing! UnlockCode(encryptd,from activation.dll): de9eca6e9a04199262b43df463451b4d : 3/13/2009 9:07:07 AM
No serial key found.Showing reg form. : 3/13/2009 9:07:07 AM
********************************************************* : 3/13/2009 10:52:08 AM
Serial: Nothing! UnlockCode(encryptd,from activation.dll): 332cf785f0110569c6d61295881bd887 : 3/13/2009 10:52:08 AM
No serial key found.Showing reg form. : 3/13/2009 10:52:08 AM
Connection Available. : 3/13/2009 10:52:32 AM
Using URL: http://activate.smartchoicecomputers.com.au/activate.aspx?key=SmartSync-0H5LM-8EF70-HHKQQ-40821-000164&pid=5&pcname=ACZIRE-ONLINE&OS=Win XP 32 Bit : 3/13/2009 10:52:32 AM
Content length is: 32 : 3/13/2009 10:52:33 AM
Content type is: text/html; charset=utf-8 : 3/13/2009 10:52:33 AM
Status code is: OK : 3/13/2009 10:52:33 AM
Received unlock code. a5aa19de254c2fae865ef6c5db5884c7 : 3/13/2009 10:52:33 AM
********************************************************* : 3/13/2009 10:52:58 AM
Serial: SmartSync-0H5LM-8EF70-HHKQQ-40821-000164 UnlockCode(encryptd,from activation.dll): a5028bf9895d0c0edaed819f443d53df : 3/13/2009 10:52:58 AM
Checking activation keys:  SmartSync-0H5LM-8EF70-HHKQQ-40821-000164  a5028bf9895d0c0edaed819f443d53df : 3/13/2009 10:52:58 AM
Serial key validated. : 3/13/2009 10:52:58 AM
Appkey encrypted: a5aa19de254c2fae865ef6c5db5884c7 : 3/13/2009 10:52:58 AM
Appkey encrypted II: 6a5d594d7e876c1a12d6c55a62854c39 : 3/13/2009 10:52:58 AM
Appkey encrypted III: a5028bf9895d0c0edaed819f443d53df : 3/13/2009 10:52:58 AM
Successfully Unlocked : 3/13/2009 10:52:58 AM
********************************************************* : 3/13/2009 10:53:16 AM
Serial: Nothing! UnlockCode(encryptd,from activation.dll): a5028bf9895d0c0edaed819f443d53df : 3/13/2009 10:53:16 AM
No serial key found.Showing reg form. : 3/13/2009 10:53:16 AM
********************************************************* : 3/13/2009 10:54:06 AM
Serial: SmartSync-I8OGG-M728R-1GRRI-37839-000002 UnlockCode(encryptd,from activation.dll): 0a38421b9b73389e46063ceaf77d8461 : 3/13/2009 10:54:06 AM
Checking activation keys:  SmartSync-I8OGG-M728R-1GRRI-37839-000002  0a38421b9b73389e46063ceaf77d8461 : 3/13/2009 10:54:06 AM
